app/build/outputs/logs/manifest-merger-debug-report.txt
-- Merging decision tree log ---
manifest
ADDED from src/main/AndroidManifest.xml:2:1-200:12
	xmlns:android
		ADDED from src/main/AndroidManifest.xml:2:11-69
	package
		ADDED from src/main/AndroidManifest.xml:3:5-46
		INJECTED from src/main/AndroidManifest.xml
		INJECTED from src/main/AndroidManifest.xml
uses-permission#android.permission.INTERNET
ADDED from src/main/AndroidManifest.xml:5:5-67
	android:name
		ADDED from src/main/AndroidManifest.xml:5:22-64
uses-permission#android.permission.WAKE_LOCK
ADDED from src/main/AndroidManifest.xml:6:5-68
	android:name
		ADDED from src/main/AndroidManifest.xml:6:22-65
uses-permission#android.permission.WRITE_EXTERNAL_STORAGE
ADDED from src/main/AndroidManifest.xml:7:5-81
	android:name
		ADDED from src/main/AndroidManifest.xml:7:22-78
uses-permission#android.permission.RECEIVE_BOOT_COMPLETED
ADDED from src/main/AndroidManifest.xml:8:5-81
	android:name
		ADDED from src/main/AndroidManifest.xml:8:22-78
application
ADDED from src/main/AndroidManifest.xml:12:5-198:19
MERGED from [com.android.support:support-v4:23.1.1] AndroidManifest.xml:22:5-20
MERGED from [com.android.support:appcompat-v7:23.1.1] AndroidManifest.xml:22:5-20
MERGED from [com.android.support:support-v4:23.1.1] AndroidManifest.xml:22:5-20
	android:supportsRtl
		ADDED from src/main/AndroidManifest.xml:14:9-35
	android:label
		ADDED from src/main/AndroidManifest.xml:16:9-41
	android:allowBackup
		ADDED from src/main/AndroidManifest.xml:13:9-35
	android:icon
		ADDED from src/main/AndroidManifest.xml:15:9-45
	android:theme
		ADDED from src/main/AndroidManifest.xml:18:9-36
	android:name
		ADDED from src/main/AndroidManifest.xml:17:9-41
activity#com.raidzero.teamcitydownloader.activities.MainActivity
ADDED from src/main/AndroidManifest.xml:20:9-30:20
	android:label
		ADDED from src/main/AndroidManifest.xml:22:13-45
	android:configChanges
		ADDED from src/main/AndroidManifest.xml:24:13-122
	android:clearTaskOnLaunch
		ADDED from src/main/AndroidManifest.xml:23:13-45
	android:name
		ADDED from src/main/AndroidManifest.xml:21:13-52
intent-filter#android.intent.action.MAIN+android.intent.category.LAUNCHER
ADDED from src/main/AndroidManifest.xml:25:13-29:29
action#android.intent.action.MAIN
ADDED from src/main/AndroidManifest.xml:26:17-69
	android:name
		ADDED from src/main/AndroidManifest.xml:26:25-66
category#android.intent.category.LAUNCHER
ADDED from src/main/AndroidManifest.xml:28:17-77
	android:name
		ADDED from src/main/AndroidManifest.xml:28:27-74
activity#com.raidzero.teamcitydownloader.activities.settings.SettingsMainActivity
ADDED from src/main/AndroidManifest.xml:33:9-40:20
	android:label
		ADDED from src/main/AndroidManifest.xml:35:13-56
	android:parentActivityName
		ADDED from src/main/AndroidManifest.xml:36:13-66
	android:name
		ADDED from src/main/AndroidManifest.xml:34:13-69
meta-data#android.support.PARENT_ACTIVITY
ADDED from src/main/AndroidManifest.xml:37:13-39:60
	android:name
		ADDED from src/main/AndroidManifest.xml:38:17-63
	android:value
		ADDED from src/main/AndroidManifest.xml:39:17-57
activity#com.raidzero.teamcitydownloader.activities.settings.SettingsGeneralActivity
ADDED from src/main/AndroidManifest.xml:42:9-48:20
	android:label
		ADDED from src/main/AndroidManifest.xml:43:13-59
	android:parentActivityName
		ADDED from src/main/AndroidManifest.xml:44:13-83
	android:name
		ADDED from src/main/AndroidManifest.xml:42:19-78
activity#com.raidzero.teamcitydownloader.activities.settings.SettingsServerActivity
ADDED from src/main/AndroidManifest.xml:50:9-56:20
	android:label
		ADDED from src/main/AndroidManifest.xml:51:13-56
	android:parentActivityName
		ADDED from src/main/AndroidManifest.xml:52:13-83
	android:name
		ADDED from src/main/AndroidManifest.xml:50:19-77
activity#com.raidzero.teamcitydownloader.activities.settings.SettingsAppearanceActivity
ADDED from src/main/AndroidManifest.xml:58:9-64:20
	android:label
		ADDED from src/main/AndroidManifest.xml:59:13-62
	android:parentActivityName
		ADDED from src/main/AndroidManifest.xml:60:13-83
	android:name
		ADDED from src/main/AndroidManifest.xml:58:19-81
activity#com.raidzero.teamcitydownloader.activities.AboutServerActivity
ADDED from src/main/AndroidManifest.xml:66:9-74:20
	android:label
		ADDED from src/main/AndroidManifest.xml:68:13-55
	android:name
		ADDED from src/main/AndroidManifest.xml:67:13-59
activity#com.raidzero.teamcitydownloader.activities.ControllerActivity
ADDED from src/main/AndroidManifest.xml:76:9-84:20
	android:configChanges
		ADDED from src/main/AndroidManifest.xml:80:13-83
	android:theme
		ADDED from src/main/AndroidManifest.xml:78:13-59
	android:parentActivityName
		ADDED from src/main/AndroidManifest.xml:79:13-66
	android:name
		ADDED from src/main/AndroidManifest.xml:77:13-58
activity#com.raidzero.teamcitydownloader.activities.SelectProjectsActivity
ADDED from src/main/AndroidManifest.xml:86:9-94:20
	android:label
		ADDED from src/main/AndroidManifest.xml:88:13-55
	android:configChanges
		ADDED from src/main/AndroidManifest.xml:90:13-83
	android:parentActivityName
		ADDED from src/main/AndroidManifest.xml:89:13-66
	android:name
		ADDED from src/main/AndroidManifest.xml:87:13-62
activity#com.raidzero.teamcitydownloader.activities.BuildConfigsListActivity
ADDED from src/main/AndroidManifest.xml:96:9-104:20
	android:label
		ADDED from src/main/AndroidManifest.xml:98:13-60
	android:configChanges
		ADDED from src/main/AndroidManifest.xml:100:13-83
	android:parentActivityName
		ADDED from src/main/AndroidManifest.xml:99:13-66
	android:name
		ADDED from src/main/AndroidManifest.xml:97:13-64
activity#com.raidzero.teamcitydownloader.activities.BuildsListActivity
ADDED from src/main/AndroidManifest.xml:106:9-114:20
	android:label
		ADDED from src/main/AndroidManifest.xml:108:13-60
	android:configChanges
		ADDED from src/main/AndroidManifest.xml:110:13-83
	android:parentActivityName
		ADDED from src/main/AndroidManifest.xml:109:13-78
	android:name
		ADDED from src/main/AndroidManifest.xml:107:13-58
activity#com.raidzero.teamcitydownloader.activities.ArtifactsBrowserActivity
ADDED from src/main/AndroidManifest.xml:116:9-124:20
	android:label
		ADDED from src/main/AndroidManifest.xml:118:13-60
	android:configChanges
		ADDED from src/main/AndroidManifest.xml:120:13-83
	android:parentActivityName
		ADDED from src/main/AndroidManifest.xml:119:13-72
	android:name
		ADDED from src/main/AndroidManifest.xml:117:13-64
activity#com.raidzero.teamcitydownloader.activities.WelcomeActivity
ADDED from src/main/AndroidManifest.xml:126:9-134:20
	android:label
		ADDED from src/main/AndroidManifest.xml:127:13-51
	android:configChanges
		ADDED from src/main/AndroidManifest.xml:130:13-83
	android:parentActivityName
		ADDED from src/main/AndroidManifest.xml:129:13-66
	android:name
		ADDED from src/main/AndroidManifest.xml:128:13-55
activity#com.raidzero.teamcitydownloader.activities.UnknownSourcesActivity
ADDED from src/main/AndroidManifest.xml:136:9-140:20
	android:label
		ADDED from src/main/AndroidManifest.xml:138:13-50
	android:theme
		ADDED from src/main/AndroidManifest.xml:139:13-56
	android:name
		ADDED from src/main/AndroidManifest.xml:137:13-62
activity#com.raidzero.teamcitydownloader.activities.ConfigErrorActivity
ADDED from src/main/AndroidManifest.xml:142:9-146:20
	android:label
		ADDED from src/main/AndroidManifest.xml:144:13-55
	android:theme
		ADDED from src/main/AndroidManifest.xml:145:13-56
	android:name
		ADDED from src/main/AndroidManifest.xml:143:13-59
activity#com.raidzero.teamcitydownloader.activities.BuildInfoActivity
ADDED from src/main/AndroidManifest.xml:148:9-155:20
	android:configChanges
		ADDED from src/main/AndroidManifest.xml:151:13-83
	android:parentActivityName
		ADDED from src/main/AndroidManifest.xml:150:13-72
	android:name
		ADDED from src/main/AndroidManifest.xml:149:13-57
activity#com.raidzero.teamcitydownloader.activities.DownloadActivity
ADDED from src/main/AndroidManifest.xml:157:9-161:20
	android:configChanges
		ADDED from src/main/AndroidManifest.xml:160:13-83
	android:theme
		ADDED from src/main/AndroidManifest.xml:159:13-59
	android:name
		ADDED from src/main/AndroidManifest.xml:158:13-56
activity#com.raidzero.teamcitydownloader.activities.DownloadsListActivity
ADDED from src/main/AndroidManifest.xml:163:9-171:20
	android:label
		ADDED from src/main/AndroidManifest.xml:165:13-59
	android:configChanges
		ADDED from src/main/AndroidManifest.xml:167:13-83
	android:parentActivityName
		ADDED from src/main/AndroidManifest.xml:166:13-66
	android:name
		ADDED from src/main/AndroidManifest.xml:164:13-61
activity#com.raidzero.teamcitydownloader.activities.FavoritesActivity
ADDED from src/main/AndroidManifest.xml:173:9-182:20
	android:label
		ADDED from src/main/AndroidManifest.xml:175:13-58
	android:configChanges
		ADDED from src/main/AndroidManifest.xml:177:13-83
	android:theme
		ADDED from src/main/AndroidManifest.xml:178:13-56
	android:parentActivityName
		ADDED from src/main/AndroidManifest.xml:176:13-66
	android:name
		ADDED from src/main/AndroidManifest.xml:174:13-57
receiver#com.raidzero.teamcitydownloader.receivers.ServerUpdateReceiver
ADDED from src/main/AndroidManifest.xml:184:9-188:20
	android:name
		ADDED from src/main/AndroidManifest.xml:184:19-65
intent-filter#com.raidzero.teamcitydownloader.SERVER_UPDATE
ADDED from src/main/AndroidManifest.xml:185:13-187:29
action#com.raidzero.teamcitydownloader.SERVER_UPDATE
ADDED from src/main/AndroidManifest.xml:186:17-88
	android:name
		ADDED from src/main/AndroidManifest.xml:186:25-85
receiver#com.raidzero.teamcitydownloader.receivers.BootReceiver
ADDED from src/main/AndroidManifest.xml:190:9-194:20
	android:name
		ADDED from src/main/AndroidManifest.xml:190:19-57
intent-filter#android.intent.action.BOOT_COMPLETED
ADDED from src/main/AndroidManifest.xml:191:13-193:29
action#android.intent.action.BOOT_COMPLETED
ADDED from src/main/AndroidManifest.xml:192:17-79
	android:name
		ADDED from src/main/AndroidManifest.xml:192:25-76
service#com.raidzero.teamcitydownloader.services.DownloadService
ADDED from src/main/AndroidManifest.xml:196:9-61
	android:name
		ADDED from src/main/AndroidManifest.xml:196:18-58
service#com.raidzero.teamcitydownloader.services.NotificationService
ADDED from src/main/AndroidManifest.xml:197:9-65
	android:name
		ADDED from src/main/AndroidManifest.xml:197:18-62
uses-sdk
INJECTED from src/main/AndroidManifest.xml reason: use-sdk injection requested
MERGED from [com.android.support:support-v4:23.1.1] AndroidManifest.xml:20:5-43
MERGED from [com.android.support:appcompat-v7:23.1.1] AndroidManifest.xml:20:5-43
MERGED from [com.android.support:support-v4:23.1.1] AndroidManifest.xml:20:5-43
	android:minSdkVersion
		INJECTED from src/main/AndroidManifest.xml
		INJECTED from src/main/AndroidManifest.xml